[leader] Defining quadrants for 35x35 simulation 3
[leader] Finished all quadrs for 3
[miner1] Gold perceived: gold(1,1)
[miner4] Gold perceived: gold(20,20)
[miner4] Going for gold(20,20)
[miner1] Going for gold(1,1)
[miner1] No longer free while waiting for quadrant.
[miner1] Handling gold(1,1) now.
[miner4] No longer free while waiting for quadrant.
[leader] - InitPos miner3 is 6x26
[miner4] Handling gold(20,20) now.
[leader] - InitPos miner2 is 20x0
[miner4] Announcing gold(20,21) to others
[leader] - InitPos miner1 is 1x0
[leader] * InitPos miner4 is 20x20
[miner4] I've reached 20x20
[leader] bid from miner3 for gold(20,21) is 19
[leader] bid from miner2 for gold(20,21) is 21
[leader] bid from miner1 for gold(20,21) is 10000
[leader] Gold gold(20,21) was allocated to miner3 options were [op(10000,miner1),op(21,miner2),op(19,miner3)]
[leader] miner1's Quadrant is: 1
[miner3] Gold gold(20,21) allocated to miner3
[miner3] Going for gold(20,21)
[miner3] Handling gold(20,21) now.
[leader] miner2's Quadrant is: 2
[leader] miner3's Quadrant is: 3
[miner3] No longer free while waiting for quadrant.
[leader] miner4's Quadrant is: 4
[miner1] I've reached 1x1
[miner2] in Q1 to 34x0
[miner4] I've reached 16x16
[WorldModel] Agent 4 carried a gold to depot!
[miner4] Finish handling gold(20,20)
[miner4] in no Q, going to X1
[miner2] in Q2 to 17x2
[miner4] Gold perceived: gold(20,21)
[miner4] Dropping around(_,_) desires and intentions to handle gold(20,21)
[miner4] Going for gold(20,21)
[miner4] Handling gold(20,21) now.
[miner4] I've reached 20x21
[miner3] miner4 has taken gold(20,21) that I am pursuing! Dropping my intention.
[miner4] I've reached 16x16
[WorldModel] Agent 4 carried a gold to depot!
[miner4] Finish handling gold(20,21)
[miner2] in Q3 to 34x4
[miner1] I've reached 16x16
[miner2] Gold perceived: gold(19,2)
[miner2] Dropping around(_,_) desires and intentions to handle gold(19,2)
[WorldModel] Agent 1 carried a gold to depot!
[miner2] Going for gold(19,2)
[miner2] Handling gold(19,2) now.
[miner1] Finish handling gold(1,1)
[miner2] I've reached 19x2
[miner4] in no Q, going to X1
[miner3] in no Q, going to X1
[miner4] in Q3 to 34x22
[miner1] Gold perceived: gold(2,12)
[miner1] Dropping around(_,_) desires and intentions to handle gold(2,12)
[miner1] Going for gold(2,12)
[miner1] Handling gold(2,12) now.
[miner1] I've reached 2x12
[miner4] in Q2 to 17x24
[miner2] I've reached 16x16
[WorldModel] Agent 2 carried a gold to depot!
[miner2] Finish handling gold(19,2)
[miner3] in Q3 to 16x28
[miner3] Gold perceived: gold(2,22)
[miner3] Dropping around(_,_) desires and intentions to handle gold(2,22)
[miner3] Going for gold(2,22)
[miner3] Handling gold(2,22) now.
[miner4] in Q3 to 34x26
[miner3] I've reached 2x22
[miner2] in no Q, going to X1
[miner2] in Q3 to 34x3
[miner1] I've reached 16x16
[WorldModel] Agent 1 carried a gold to depot!
[miner1] Finish handling gold(2,12)
[miner4] Gold perceived: gold(24,24)
[miner4] Dropping around(_,_) desires and intentions to handle gold(24,24)
[miner4] Going for gold(24,24)
[miner4] Handling gold(24,24) now.
[miner4] I've reached 24x24
[miner3] Announcing gold(15,20) to others
[leader] bid from miner4 for gold(15,20) is 10000
[leader] bid from miner1 for gold(15,20) is 15
[leader] bid from miner2 for gold(15,20) is 34
[leader] Gold gold(15,20) was allocated to miner1 options were [op(34,miner2),op(15,miner1),op(10000,miner4)]
[miner1] Gold gold(15,20) allocated to miner1
[miner1] Dropping around(_,_) desires and intentions to handle gold(15,20)
[miner1] Going for gold(15,20)
[miner1] Handling gold(15,20) now.
[miner2] in Q2 to 17x5
[miner3] I've reached 16x16
[WorldModel] Agent 3 carried a gold to depot!
[miner3] Finish handling gold(2,22)
[miner4] I've reached 16x16
[WorldModel] Agent 4 carried a gold to depot!
[miner4] Finish handling gold(24,24)
[miner1] I've reached 15x20
[miner2] in Q3 to 34x7
[miner1] I've reached 16x16
[WorldModel] Agent 1 carried a gold to depot!
[miner1] Finish handling gold(15,20)
[miner4] in no Q, going to X1
[miner3] in no Q, going to X1
[miner3] in Q3 to 16x25
[miner4] in Q3 to 34x25
[miner1] in no Q, going to X1
[miner2] in Q2 to 17x9
[miner3] in Q2 to 0x27
[miner1] in Q3 to 16x15
[miner4] in Q2 to 17x27
[miner2] in Q3 to 34x11
[miner1] in Q2 to 0x16
[miner4] in Q3 to 34x29
[miner3] in Q3 to 16x29
[miner2] in Q2 to 17x13
[miner1] in Q3 to 16x16
[miner4] in Q2 to 17x31
[miner2] in Q3 to 34x15
[miner2] Gold perceived: gold(20,13)
[miner2] Dropping around(_,_) desires and intentions to handle gold(20,13)
[miner2] Going for gold(20,13)
[miner2] Handling gold(20,13) now.
[miner3] in Q2 to 0x31
[miner2] I've reached 20x13
[miner1] in Q4 to 0x0
[miner2] I've reached 16x16
[WorldModel] Agent 2 carried a gold to depot!
[miner2] Finish handling gold(20,13)
[miner4] in Q3 to 34x33
[miner2] in no Q, going to X1
[miner2] in Q3 to 34x14
[miner3] in Q3 to 16x33
[miner4] Gold perceived: gold(27,31)
[miner4] Dropping around(_,_) desires and intentions to handle gold(27,31)
[miner4] Going for gold(27,31)
[miner4] Handling gold(27,31) now.
[miner4] I've reached 27x31
[miner2] in Q2 to 17x16
[miner3] in Q2 to 0x34
[miner1] in Q1 to 16x0
[miner4] I've reached 16x16
[miner3] in Q3 to 16x34
[WorldModel] Agent 4 carried a gold to depot!
[miner4] Finish handling gold(27,31)
[miner1] in Q2 to 0x2
[miner2] in Q3 to 34x16
[miner3] in Q4 to 0x17
[miner1] in Q3 to 16x4
[miner4] in no Q, going to X1
[miner2] in Q4 to 17x0
[miner4] in Q3 to 34x32
[miner1] Gold perceived: gold(14,4)
[miner1] Dropping around(_,_) desires and intentions to handle gold(14,4)
[miner1] Going for gold(14,4)
[miner1] Handling gold(14,4) now.
[miner1] I've reached 14x4
[miner3] in Q1 to 16x17
[miner4] in Q2 to 17x34
[miner1] I've reached 16x16
[WorldModel] Agent 1 carried a gold to depot!
[miner1] Finish handling gold(14,4)
[miner2] in Q1 to 34x0
[miner3] in Q2 to 0x19
[miner4] in Q3 to 34x34
[miner1] in no Q, going to X1
[miner2] in Q2 to 17x2
[miner1] Gold perceived: gold(3,5)
[miner1] Dropping around(_,_) desires and intentions to handle gold(3,5)
[miner1] Going for gold(3,5)
[miner1] Handling gold(3,5) now.
[miner1] I've reached 3x5
[miner3] in Q3 to 16x21
[miner4] Gold perceived: gold(34,34)
[miner4] Dropping around(_,_) desires and intentions to handle gold(34,34)
[miner4] Going for gold(34,34)
[miner4] Handling gold(34,34) now.
[miner4] I've reached 34x34
[miner2] in Q3 to 34x4
[miner3] in Q2 to 0x23
[miner1] I've reached 16x16
[WorldModel] Agent 1 carried a gold to depot!
[miner1] Finish handling gold(3,5)
[miner2] in Q2 to 17x6
[miner3] in Q3 to 16x25
[miner4] I've reached 16x16
[WorldModel] Agent 4 carried a gold to depot!
[miner4] Finish handling gold(34,34)
[miner1] in no Q, going to X1
[miner2] in Q3 to 34x8
[miner1] in Q3 to 16x7
[miner3] in Q2 to 0x27
[miner1] in Q2 to 0x9
[miner2] in Q2 to 17x10
[miner3] in Q3 to 16x29
[miner4] in no Q, going to X1
[miner1] in Q3 to 16x11
[miner2] in Q3 to 34x12
[miner4] in Q3 to 34x34
[miner1] in Q2 to 0x13
[miner3] in Q2 to 0x31
[miner2] in Q2 to 17x14
[miner4] in Q4 to 17x17
[miner1] in Q3 to 16x15
[miner3] in Q3 to 16x33
[miner2] in Q3 to 34x16
[miner3] in Q2 to 0x34
[miner1] in Q2 to 0x16
[miner4] in Q1 to 34x17
[miner2] in Q4 to 17x0
[miner3] in Q3 to 16x34
[miner4] in Q2 to 17x19
[miner1] in Q3 to 16x16
[miner3] in Q4 to 0x17
[miner4] in Q3 to 34x21
[miner1] in Q4 to 0x0
[miner2] in Q1 to 34x0
[miner4] in Q2 to 17x23
[miner2] in Q2 to 17x2
[miner3] in Q1 to 16x17
[miner1] in Q1 to 16x0
[miner2] in Q3 to 34x4
[miner4] in Q3 to 34x25
[miner4] Gold perceived: gold(21,23)
[miner4] Dropping around(_,_) desires and intentions to handle gold(21,23)
[miner4] Going for gold(21,23)
[miner4] Handling gold(21,23) now.
[miner3] in Q2 to 0x19
[miner4] I've reached 21x23
[miner1] in Q2 to 0x2
[miner2] in Q2 to 17x6
[miner4] I've reached 16x16
[WorldModel] Agent 4 carried a gold to depot!
[miner4] Finish handling gold(21,23)
[miner3] in Q3 to 16x21
[miner4] in no Q, going to X1
[miner1] in Q3 to 16x4
[miner4] in Q3 to 34x24
[miner2] in Q3 to 34x8
[miner3] in Q2 to 0x23
[miner1] in Q2 to 0x6
[miner4] in Q2 to 17x26
[miner1] Gold perceived: gold(5,3)
[miner1] Dropping around(_,_) desires and intentions to handle gold(5,3)
[miner1] Going for gold(5,3)
[miner1] Handling gold(5,3) now.
[miner3] in Q3 to 16x25
[miner2] in Q2 to 17x10
[miner1] I've reached 5x3
[miner4] in Q3 to 34x28
[miner3] in Q2 to 0x27
[miner2] in Q3 to 34x12
[miner1] I've reached 16x16
[WorldModel] Agent 1 carried a gold to depot!
[miner1] Finish handling gold(5,3)
[miner4] in Q2 to 17x30
[miner2] in Q2 to 17x14
[miner3] in Q3 to 16x29
[miner1] in no Q, going to X1
[miner4] in Q3 to 34x32
[miner1] in Q3 to 16x6
[miner2] in Q3 to 34x16
[miner3] in Q2 to 0x31
[miner1] in Q2 to 0x8
[miner4] in Q2 to 17x34
[miner2] in Q4 to 17x0
[miner1] in Q3 to 16x10
[miner4] in Q3 to 34x34
[miner3] in Q3 to 16x33
[miner4] in Q4 to 17x17
[miner1] in Q2 to 0x12
[miner3] in Q2 to 0x34
[miner2] in Q1 to 34x0
[miner3] in Q3 to 16x34
[miner1] in Q3 to 16x14
[miner2] in Q2 to 17x2
[miner2] Gold perceived: gold(27,1)
[miner3] in Q4 to 0x17
[miner2] Dropping around(_,_) desires and intentions to handle gold(27,1)
[miner2] Going for gold(27,1)
[miner2] Handling gold(27,1) now.
[miner2] I've reached 27x1
[miner4] in Q1 to 34x17
[miner2] Announcing gold(23,3) to others
[leader] bid from miner1 for gold(23,3) is 20
[leader] bid from miner4 for gold(23,3) is 15
[leader] bid from miner3 for gold(23,3) is 40
[leader] Gold gold(23,3) was allocated to miner4 options were [op(40,miner3),op(15,miner4),op(20,miner1)]
[miner4] Gold gold(23,3) allocated to miner4
[miner4] Dropping around(_,_) desires and intentions to handle gold(23,3)
[miner4] Going for gold(23,3)
[miner4] Handling gold(23,3) now.
[miner1] in Q2 to 0x16
[miner4] Giving up current gold gold(23,3) to handle gold(25,16) which I am seeing!
[miner4] Announcing gold(23,3) to others
[miner4] Going for gold(25,16)
[miner4] Handling gold(25,16) now.
[leader] bid from miner2 for gold(23,3) is 10000
[leader] bid from miner1 for gold(23,3) is 10000
[leader] bid from miner3 for gold(23,3) is 10000
[leader] could not allocate gold gold(23,3)
[miner4] I've reached 25x16
[miner4] I've reached 16x16
[WorldModel] Agent 4 carried a gold to depot!
[miner4] Finish handling gold(25,16)
[miner4] Uncommitted gold distances: [d(20,gold(23,3))]1
[miner4] Next gold is gold(23,3)
[miner4] Handling gold(23,3) now.
[miner1] in Q3 to 16x16
[miner2] I've reached 16x16
[WorldModel] Agent 2 carried a gold to depot!
[miner2] Finish handling gold(27,1)
[miner3] in Q1 to 16x17
[miner4] Giving up current gold gold(23,3) to handle gold(23,6) which I am seeing!
[miner4] Announcing gold(23,3) to others
[miner4] Going for gold(23,6)
[miner4] Handling gold(23,6) now.
[miner4] I've reached 23x6
[miner1] in Q4 to 0x0
[miner3] in Q2 to 0x19
[miner2] Gold perceived: gold(28,4)
[miner2] Dropping around(_,_) desires and intentions to handle gold(28,4)
[miner2] Going for gold(28,4)
[miner2] Handling gold(28,4) now.
[miner2] I've reached 28x4
[miner4] I've reached 16x16
[WorldModel] Agent 4 carried a gold to depot!
[miner4] Finish handling gold(23,6)
[miner4] Uncommitted gold distances: [d(20,gold(23,3))]1
[miner4] Next gold is gold(23,3)
[miner4] Handling gold(23,3) now.
[miner3] in Q3 to 16x21
[miner1] Gold perceived: gold(1,3)
[miner1] Dropping around(_,_) desires and intentions to handle gold(1,3)
[miner1] Going for gold(1,3)
[miner1] Handling gold(1,3) now.
[miner1] I've reached 1x3
[miner2] I've reached 16x16
[WorldModel] Agent 2 carried a gold to depot!
[miner4] I've reached 23x3
[miner2] Finish handling gold(28,4)
[miner3] in Q2 to 0x23
[miner3] in Q3 to 16x25
[miner4] I've reached 16x16
[miner2] in no Q, going to X1
[WorldModel] Agent 4 carried a gold to depot!
[miner4] Finish handling gold(23,3)
[miner1] I've reached 16x16
[WorldModel] Agent 1 carried a gold to depot!
[miner1] Finish handling gold(1,3)
[miner2] in Q3 to 34x7
[miner4] in no Q, going to Y1
[miner3] in Q2 to 0x27
[miner4] in no Q, going to X1
[miner2] in Q2 to 17x9
[miner4] in Q1 to 34x17
[miner1] in Q3 to 16x6
[miner3] in Q3 to 16x29
[miner2] in Q3 to 34x11
[miner4] in Q2 to 17x19
[miner1] in Q2 to 0x8
[miner2] in Q2 to 17x13
[miner3] in Q2 to 0x31
[miner1] in Q3 to 16x10
[miner4] in Q3 to 34x21
[miner2] in Q3 to 34x15
[miner4] in Q2 to 17x23
[miner1] in Q2 to 0x12
[miner3] in Q3 to 16x33
[miner2] in Q2 to 17x16
[miner4] in Q3 to 34x25
[miner1] in Q3 to 16x14
[miner3] in Q2 to 0x34
[miner3] in Q3 to 16x34
[miner2] in Q3 to 34x16
[miner1] in Q2 to 0x16
[miner4] in Q2 to 17x27
[miner3] in Q4 to 0x17
[miner2] in Q4 to 17x0
[miner4] in Q3 to 34x29
[miner1] in Q3 to 16x16
[miner2] Gold perceived: gold(28,12)
[miner2] Dropping around(_,_) desires and intentions to handle gold(28,12)
[miner2] Going for gold(28,12)
[miner2] Handling gold(28,12) now.
[miner2] I've reached 28x12
[miner4] in Q2 to 17x31
[miner1] in Q4 to 0x0
[miner3] in Q1 to 16x17
[miner2] I've reached 16x16
[WorldModel] Agent 2 carried a gold to depot!
[miner2] Finish handling gold(28,12)
[miner4] in Q3 to 34x33
[miner3] in Q2 to 0x19
[miner2] in no Q, going to X1
[miner1] in Q1 to 16x0
[miner2] in Q3 to 34x15
[miner3] in Q3 to 16x21
[miner4] in Q2 to 17x34
[miner1] in Q2 to 0x2
[miner2] in Q2 to 17x16
[miner4] in Q3 to 34x34
[miner3] in Q2 to 0x23
[miner1] in Q3 to 16x4
[miner2] in Q3 to 34x16
[miner4] in Q4 to 17x17
[miner3] in Q3 to 16x25
[miner1] Gold perceived: gold(10,5)
[miner1] Dropping around(_,_) desires and intentions to handle gold(10,5)
[miner1] Going for gold(10,5)
[miner1] Handling gold(10,5) now.
[miner1] I've reached 10x5
[miner2] in Q4 to 17x0
[miner3] in Q2 to 0x27
[miner1] I've reached 16x16
[WorldModel] Agent 1 carried a gold to depot!
[miner1] Finish handling gold(10,5)
[miner4] in Q1 to 34x17
[miner2] Gold perceived: gold(17,10)
[miner2] Dropping around(_,_) desires and intentions to handle gold(17,10)
[miner2] Going for gold(17,10)
[miner2] Handling gold(17,10) now.
[miner2] I've reached 17x10
[miner1] in no Q, going to X1
[miner3] in Q3 to 16x29
[miner2] I've reached 16x16
[miner1] Gold perceived: gold(4,6)
[miner1] Dropping around(_,_) desires and intentions to handle gold(4,6)
[miner1] Going for gold(4,6)
[miner1] Handling gold(4,6) now.
[WorldModel] Agent 2 carried a gold to depot!
[miner2] Finish handling gold(17,10)
[miner4] in Q2 to 17x19
[miner1] I've reached 4x6
[miner2] in no Q, going to X1
[miner2] in Q3 to 34x13
[miner1] Announcing gold(9,9) to others
[leader] bid from miner4 for gold(9,9) is 26
[leader] bid from miner3 for gold(9,9) is 26
[leader] bid from miner2 for gold(9,9) is 14
[leader] Gold gold(9,9) was allocated to miner2 options were [op(14,miner2),op(26,miner3),op(26,miner4)]
[miner2] Gold gold(9,9) allocated to miner2
[miner2] Dropping around(_,_) desires and intentions to handle gold(9,9)
[miner2] Going for gold(9,9)
[miner2] Handling gold(9,9) now.
[miner4] in Q3 to 34x21
[miner3] in Q2 to 0x31
[miner2] I've reached 9x9
[miner1] I've reached 16x16
[WorldModel] Agent 1 carried a gold to depot!
[miner1] Finish handling gold(4,6)
[miner4] in Q2 to 17x23
[miner2] I've reached 16x16
[WorldModel] Agent 2 carried a gold to depot!
[miner2] Finish handling gold(9,9)
[miner3] in Q3 to 16x33
[miner1] in no Q, going to X1
[miner2] in no Q, going to X1
[miner2] in Q3 to 34x14
[miner1] in Q3 to 16x7
[miner4] in Q3 to 34x25
[miner3] in Q2 to 0x34
[miner1] in Q2 to 0x9
[miner2] Gold perceived: gold(34,14)
[miner2] Dropping around(_,_) desires and intentions to handle gold(34,14)
[miner2] Going for gold(34,14)
[miner2] Handling gold(34,14) now.
[miner2] I've reached 34x14
[miner4] in Q2 to 17x27
[miner3] in Q3 to 16x34
[miner4] Gold perceived: gold(28,25)
[miner4] Dropping around(_,_) desires and intentions to handle gold(28,25)
[miner4] Going for gold(28,25)
[miner4] Handling gold(28,25) now.
[miner4] I've reached 28x25
[miner1] in Q3 to 16x11
[miner3] in Q4 to 0x17
[miner2] I've reached 16x16
[WorldModel] Agent 2 carried a gold to depot!
[miner2] Finish handling gold(34,14)
[miner1] in Q2 to 0x13
[miner4] I've reached 16x16
[WorldModel] Agent 4 carried a gold to depot!
[miner4] Finish handling gold(28,25)
[miner3] in Q1 to 16x17
[miner1] in Q3 to 16x15
[miner2] in Q2 to 17x15
[miner4] in no Q, going to X1
[miner2] Gold perceived: gold(26,10)
[miner2] Dropping around(_,_) desires and intentions to handle gold(26,10)
[miner2] Going for gold(26,10)
[miner2] Handling gold(26,10) now.
[miner3] in Q2 to 0x19
[miner2] I've reached 26x10
[miner4] in Q3 to 34x26
[miner2] Announcing gold(22,10) to others
[leader] bid from miner1 for gold(22,10) is 14
[leader] bid from miner4 for gold(22,10) is 14
[leader] bid from miner3 for gold(22,10) is 19
[leader] Gold gold(22,10) was allocated to miner1 options were [op(19,miner3),op(14,miner4),op(14,miner1)]
[miner1] Gold gold(22,10) allocated to miner1
[miner1] Dropping around(_,_) desires and intentions to handle gold(22,10)
[miner1] Going for gold(22,10)
[miner1] Handling gold(22,10) now.
[miner3] in Q3 to 16x21
[miner2] I've reached 16x16
[miner1] I've reached 22x10
[WorldModel] Agent 2 carried a gold to depot!
[miner2] Finish handling gold(26,10)
[miner4] in Q2 to 17x28
[miner1] I've reached 16x16
[WorldModel] Agent 1 carried a gold to depot!
[miner1] Finish handling gold(22,10)
[miner2] in no Q, going to X1
[miner1] in no Q, going to X1
[miner3] in Q2 to 0x23
[miner2] in Q3 to 34x13
[miner4] in Q3 to 34x30
[miner3] in Q3 to 16x25
[miner1] in Q3 to 16x16
[miner2] in Q2 to 17x15
[miner4] in Q2 to 17x32
[miner3] in Q2 to 0x27
[miner1] in Q4 to 0x0
[miner2] in Q3 to 34x16
[miner4] in Q3 to 34x34
[miner3] in Q3 to 16x29
[miner2] in Q4 to 17x0
[miner4] in Q4 to 17x17
[miner1] in Q1 to 16x0
[miner3] in Q2 to 0x31
[miner1] in Q2 to 0x2
[miner1] in Q3 to 16x4
[miner2] in Q1 to 34x0
[miner4] in Q1 to 34x17
[miner3] in Q3 to 16x33
[miner1] in Q2 to 0x6
[miner2] in Q2 to 17x2
[miner4] in Q2 to 17x19
[miner3] in Q2 to 0x34
[miner2] in Q3 to 34x4
[miner1] in Q3 to 16x8
[miner3] in Q3 to 16x34
[miner4] in Q3 to 34x21
[miner3] in Q4 to 0x17
[miner1] in Q2 to 0x10
[miner2] in Q2 to 17x6
[miner4] in Q2 to 17x23
[miner1] in Q3 to 16x12
[miner2] in Q3 to 34x8
[miner4] in Q3 to 34x25
[miner3] in Q1 to 16x17
[miner1] in Q2 to 0x14
[miner2] in Q2 to 17x10
[miner4] in Q2 to 17x27
[miner3] in Q2 to 0x19
[miner1] in Q3 to 16x16
[miner4] Failed next_step to 17x27 fixing and trying again!
[miner1] Failed next_step to 16x16 fixing and trying again!
[miner3] Failed next_step to 0x19 fixing and trying again!
[miner2] Failed next_step to 17x10 fixing and trying again!
